<?xml version="1.0" encoding="UTF-8"?>
<!-- Generated by org.testng.reporters.JUnitReportReporter -->
<testsuite hostname="DESKTOP-LQCK449" failures="0" tests="1" name="com.nakshatratechnohub.hubsched.HubSched_Visitor" time="66.747" errors="0" timestamp="2024-06-21T11:18:46 IST" skipped="0">
  <testcase classname="com.nakshatratechnohub.hubsched.HubSched_Visitor" name="visitorAutomation" time="66.747"/>
</testsuite> <!-- com.nakshatratechnohub.hubsched.HubSched_Visitor -->
