<?xml version="1.0" encoding="UTF-8"?>
<!-- Generated by org.testng.reporters.JUnitReportReporter -->
<testsuite hostname="DESKTOP-LQCK449" failures="0" tests="1" name="com.nakshatratechnohub.hubsched.Hubsched_android_Automation" time="26.745" errors="0" timestamp="2024-07-02T15:00:40 IST" skipped="0">
  <testcase classname="com.nakshatratechnohub.hubsched.Hubsched_android_Automation" name="myAttendance" time="26.745"/>
</testsuite> <!-- com.nakshatratechnohub.hubsched.Hubsched_android_Automation -->
